Hmm ... looks like a package
This is pdfTeX, Version 3.14159265-2.6-1.40.17 (TeX Live 2016/W32TeX) (preloaded format=pdflatex)
 restricted \write18 enabled.
entering extended mode
(./Rd2.tex
LaTeX2e <2016/03/31> patch level 3
Babel <3.9r> and hyphenation patterns for 83 language(s) loaded.

(c:/texlive/2016/texmf-dist/tex/latex/base/book.cls
Document Class: book 2014/09/29 v1.4h Standard LaTeX document class
(c:/texlive/2016/texmf-dist/tex/latex/base/bk10.clo))
(c:/PROGRA~1/R/R-33~1.1/share/texmf/tex/latex/Rd.sty
(c:/texlive/2016/texmf-dist/tex/latex/base/ifthen.sty)
(c:/texlive/2016/texmf-dist/tex/latex/tools/longtable.sty)
(c:/texlive/2016/texmf-dist/tex/latex/tools/bm.sty)
(c:/texlive/2016/texmf-dist/tex/latex/base/alltt.sty)
(c:/texlive/2016/texmf-dist/tex/latex/tools/verbatim.sty)
(c:/texlive/2016/texmf-dist/tex/latex/url/url.sty)
(c:/texlive/2016/texmf-dist/tex/latex/base/textcomp.sty
(c:/texlive/2016/texmf-dist/tex/latex/base/ts1enc.def))
(c:/texlive/2016/texmf-dist/tex/latex/base/fontenc.sty
(c:/texlive/2016/texmf-dist/tex/latex/base/t1enc.def))
(c:/texlive/2016/texmf-dist/tex/latex/psnfss/times.sty)
(c:/texlive/2016/texmf-dist/tex/latex/inconsolata/zi4.sty
`inconsolata-zi4' v1.10, 2016/02/22 Text macros for Inconsolata (msharpe)
(c:/texlive/2016/texmf-dist/tex/latex/graphics/keyval.sty))
(c:/texlive/2016/texmf-dist/tex/latex/graphics/color.sty
(c:/texlive/2016/texmf-dist/tex/latex/graphics-cfg/color.cfg)
(c:/texlive/2016/texmf-dist/tex/latex/graphics-def/pdftex.def
(c:/texlive/2016/texmf-dist/tex/generic/oberdiek/infwarerr.sty)
(c:/texlive/2016/texmf-dist/tex/generic/oberdiek/ltxcmds.sty)))
(c:/texlive/2016/texmf-dist/tex/latex/hyperref/hyperref.sty
(c:/texlive/2016/texmf-dist/tex/generic/oberdiek/hobsub-hyperref.sty
(c:/texlive/2016/texmf-dist/tex/generic/oberdiek/hobsub-generic.sty))
(c:/texlive/2016/texmf-dist/tex/generic/ifxetex/ifxetex.sty)
(c:/texlive/2016/texmf-dist/tex/latex/oberdiek/auxhook.sty)
(c:/texlive/2016/texmf-dist/tex/latex/oberdiek/kvoptions.sty)
(c:/texlive/2016/texmf-dist/tex/latex/hyperref/pd1enc.def)
(c:/texlive/2016/texmf-dist/tex/latex/latexconfig/hyperref.cfg))

Package hyperref Message: Driver (autodetected): hpdftex.

(c:/texlive/2016/texmf-dist/tex/latex/hyperref/hpdftex.def
(c:/texlive/2016/texmf-dist/tex/latex/oberdiek/rerunfilecheck.sty))

Package hyperref Warning: Option `hyperindex' has already been used,
(hyperref)                setting the option has no effect on input line 366.


Package hyperref Warning: Option `pagebackref' has already been used,
(hyperref)                setting the option has no effect on input line 366.

) (c:/texlive/2016/texmf-dist/tex/latex/base/makeidx.sty)
(c:/texlive/2016/texmf-dist/tex/latex/base/inputenc.sty
(c:/texlive/2016/texmf-dist/tex/latex/base/utf8.def
(c:/texlive/2016/texmf-dist/tex/latex/base/t1enc.dfu)
(c:/texlive/2016/texmf-dist/tex/latex/base/ot1enc.dfu)
(c:/texlive/2016/texmf-dist/tex/latex/base/omsenc.dfu)
(c:/texlive/2016/texmf-dist/tex/latex/base/ts1enc.dfu)))
Writing index file Rd2.idx
No file Rd2.aux.
(c:/texlive/2016/texmf-dist/tex/latex/base/ts1cmr.fd)
(c:/texlive/2016/texmf-dist/tex/latex/psnfss/t1ptm.fd)
(c:/texlive/2016/texmf-dist/tex/context/base/mkii/supp-pdf.mkii
[Loading MPS to PDF converter (version 2006.09.02).]
) (c:/texlive/2016/texmf-dist/tex/latex/hyperref/nameref.sty
(c:/texlive/2016/texmf-dist/tex/generic/oberdiek/gettitlestring.sty))
(c:/texlive/2016/texmf-dist/tex/latex/base/utf8.def)
(c:/texlive/2016/texmf-dist/tex/latex/inconsolata/t1zi4.fd)
(c:/texlive/2016/texmf-dist/tex/latex/psnfss/t1phv.fd)
(c:/texlive/2016/texmf-dist/tex/latex/base/utf8.def)
(c:/texlive/2016/texmf-dist/tex/latex/base/utf8.def) [1{c:/texlive/2016/texmf-v
ar/fonts/map/pdftex/updmap/pdftex.map}]
(c:/texlive/2016/texmf-dist/tex/latex/base/utf8.def)
(c:/texlive/2016/texmf-dist/tex/latex/inconsolata/ts1zi4.fd)
Overfull \hbox (90.78094pt too wide) in paragraph at lines 84--84
 []\T1/zi4/m/n/9 # use this vector as an input for standard_deviation function#
\TS1/zi4/m/n/9 ' \T1/zi4/m/n/9 standard_deviation(vector_NHL_player_salaries)[]
 
(c:/texlive/2016/texmf-dist/tex/latex/base/utf8.def) [2]
Overfull \hbox (54.78094pt too wide) in paragraph at lines 113--113
 []\T1/zi4/m/n/9 # use this vector as an input for standard_error function#\TS1
/zi4/m/n/9 ' \T1/zi4/m/n/9 standard_error(vector_NHL_player_salaries)[] 
No file Rd2.ind.
[3] (./Rd2.aux)

Package rerunfilecheck Warning: File `Rd2.out' has changed.
(rerunfilecheck)                Rerun to get outlines right
(rerunfilecheck)                or use package `bookmark'.

 )
(see the transcript file for additional information){c:/texlive/2016/texmf-dist
/fonts/enc/dvips/inconsolata/i4-ts1.enc}{c:/texlive/2016/texmf-dist/fonts/enc/d
vips/base/8r.enc}{c:/texlive/2016/texmf-dist/fonts/enc/dvips/inconsolata/i4-t1-
0.enc}<c:/texlive/2016/texmf-dist/fonts/type1/public/inconsolata/Inconsolata-zi
4r.pfb><c:/texlive/2016/texmf-dist/fonts/type1/urw/helvetic/uhvr8a.pfb><c:/texl
ive/2016/texmf-dist/fonts/type1/urw/times/utmb8a.pfb><c:/texlive/2016/texmf-dis
t/fonts/type1/urw/times/utmr8a.pfb><c:/texlive/2016/texmf-dist/fonts/type1/urw/
times/utmr8a.pfb><c:/texlive/2016/texmf-dist/fonts/type1/urw/times/utmri8a.pfb>

Output written on Rd2.pdf (3 pages, 70239 bytes).
Transcript written on Rd2.log.
This is makeindex, version 2.15 [TeX Live 2016/W32TeX] (kpathsea + Thai support).
Scanning input file Rd2.idx....done (5 entries accepted, 0 rejected).
Sorting entries....done (14 comparisons).
Generating output file Rd2.ind....done (13 lines written, 0 warnings).
Output written in Rd2.ind.
Transcript written in Rd2.ilg.
This is pdfTeX, Version 3.14159265-2.6-1.40.17 (TeX Live 2016/W32TeX) (preloaded format=pdflatex)
 restricted \write18 enabled.
entering extended mode
(./Rd2.tex
LaTeX2e <2016/03/31> patch level 3
Babel <3.9r> and hyphenation patterns for 83 language(s) loaded.

(c:/texlive/2016/texmf-dist/tex/latex/base/book.cls
Document Class: book 2014/09/29 v1.4h Standard LaTeX document class
(c:/texlive/2016/texmf-dist/tex/latex/base/bk10.clo))
(c:/PROGRA~1/R/R-33~1.1/share/texmf/tex/latex/Rd.sty
(c:/texlive/2016/texmf-dist/tex/latex/base/ifthen.sty)
(c:/texlive/2016/texmf-dist/tex/latex/tools/longtable.sty)
(c:/texlive/2016/texmf-dist/tex/latex/tools/bm.sty)
(c:/texlive/2016/texmf-dist/tex/latex/base/alltt.sty)
(c:/texlive/2016/texmf-dist/tex/latex/tools/verbatim.sty)
(c:/texlive/2016/texmf-dist/tex/latex/url/url.sty)
(c:/texlive/2016/texmf-dist/tex/latex/base/textcomp.sty
(c:/texlive/2016/texmf-dist/tex/latex/base/ts1enc.def))
(c:/texlive/2016/texmf-dist/tex/latex/base/fontenc.sty
(c:/texlive/2016/texmf-dist/tex/latex/base/t1enc.def))
(c:/texlive/2016/texmf-dist/tex/latex/psnfss/times.sty)
(c:/texlive/2016/texmf-dist/tex/latex/inconsolata/zi4.sty
`inconsolata-zi4' v1.10, 2016/02/22 Text macros for Inconsolata (msharpe)
(c:/texlive/2016/texmf-dist/tex/latex/graphics/keyval.sty))
(c:/texlive/2016/texmf-dist/tex/latex/graphics/color.sty
(c:/texlive/2016/texmf-dist/tex/latex/graphics-cfg/color.cfg)
(c:/texlive/2016/texmf-dist/tex/latex/graphics-def/pdftex.def
(c:/texlive/2016/texmf-dist/tex/generic/oberdiek/infwarerr.sty)
(c:/texlive/2016/texmf-dist/tex/generic/oberdiek/ltxcmds.sty)))
(c:/texlive/2016/texmf-dist/tex/latex/hyperref/hyperref.sty
(c:/texlive/2016/texmf-dist/tex/generic/oberdiek/hobsub-hyperref.sty
(c:/texlive/2016/texmf-dist/tex/generic/oberdiek/hobsub-generic.sty))
(c:/texlive/2016/texmf-dist/tex/generic/ifxetex/ifxetex.sty)
(c:/texlive/2016/texmf-dist/tex/latex/oberdiek/auxhook.sty)
(c:/texlive/2016/texmf-dist/tex/latex/oberdiek/kvoptions.sty)
(c:/texlive/2016/texmf-dist/tex/latex/hyperref/pd1enc.def)
(c:/texlive/2016/texmf-dist/tex/latex/latexconfig/hyperref.cfg))

Package hyperref Message: Driver (autodetected): hpdftex.

(c:/texlive/2016/texmf-dist/tex/latex/hyperref/hpdftex.def
(c:/texlive/2016/texmf-dist/tex/latex/oberdiek/rerunfilecheck.sty))

Package hyperref Warning: Option `hyperindex' has already been used,
(hyperref)                setting the option has no effect on input line 366.


Package hyperref Warning: Option `pagebackref' has already been used,
(hyperref)                setting the option has no effect on input line 366.

) (c:/texlive/2016/texmf-dist/tex/latex/base/makeidx.sty)
(c:/texlive/2016/texmf-dist/tex/latex/base/inputenc.sty
(c:/texlive/2016/texmf-dist/tex/latex/base/utf8.def
(c:/texlive/2016/texmf-dist/tex/latex/base/t1enc.dfu)
(c:/texlive/2016/texmf-dist/tex/latex/base/ot1enc.dfu)
(c:/texlive/2016/texmf-dist/tex/latex/base/omsenc.dfu)
(c:/texlive/2016/texmf-dist/tex/latex/base/ts1enc.dfu)))
Writing index file Rd2.idx
(./Rd2.aux) (c:/texlive/2016/texmf-dist/tex/latex/base/ts1cmr.fd)
(c:/texlive/2016/texmf-dist/tex/latex/psnfss/t1ptm.fd)
(c:/texlive/2016/texmf-dist/tex/context/base/mkii/supp-pdf.mkii
[Loading MPS to PDF converter (version 2006.09.02).]
) (c:/texlive/2016/texmf-dist/tex/latex/hyperref/nameref.sty
(c:/texlive/2016/texmf-dist/tex/generic/oberdiek/gettitlestring.sty))
(./Rd2.out) (./Rd2.out) (c:/texlive/2016/texmf-dist/tex/latex/base/utf8.def)
(c:/texlive/2016/texmf-dist/tex/latex/inconsolata/t1zi4.fd)
(c:/texlive/2016/texmf-dist/tex/latex/psnfss/t1phv.fd) (./Rd2.toc)
(c:/texlive/2016/texmf-dist/tex/latex/base/utf8.def)
(c:/texlive/2016/texmf-dist/tex/latex/base/utf8.def) [1{c:/texlive/2016/texmf-v
ar/fonts/map/pdftex/updmap/pdftex.map}]
(c:/texlive/2016/texmf-dist/tex/latex/base/utf8.def)
(c:/texlive/2016/texmf-dist/tex/latex/inconsolata/ts1zi4.fd)
Overfull \hbox (90.78094pt too wide) in paragraph at lines 84--84
 []\T1/zi4/m/n/9 # use this vector as an input for standard_deviation function#
\TS1/zi4/m/n/9 ' \T1/zi4/m/n/9 standard_deviation(vector_NHL_player_salaries)[]
 
(c:/texlive/2016/texmf-dist/tex/latex/base/utf8.def) [2]
Overfull \hbox (54.78094pt too wide) in paragraph at lines 113--113
 []\T1/zi4/m/n/9 # use this vector as an input for standard_error function#\TS1
/zi4/m/n/9 ' \T1/zi4/m/n/9 standard_error(vector_NHL_player_salaries)[] 
(./Rd2.ind [3]

LaTeX Font Warning: Font shape `T1/zi4/m/it' undefined
(Font)              using `T1/zi4/m/n' instead on input line 10.

[4]) (./Rd2.aux)

Package rerunfilecheck Warning: File `Rd2.out' has changed.
(rerunfilecheck)                Rerun to get outlines right
(rerunfilecheck)                or use package `bookmark'.


LaTeX Font Warning: Some font shapes were not available, defaults substituted.

 )
(see the transcript file for additional information){c:/texlive/2016/texmf-dist
/fonts/enc/dvips/inconsolata/i4-ts1.enc}{c:/texlive/2016/texmf-dist/fonts/enc/d
vips/base/8r.enc}{c:/texlive/2016/texmf-dist/fonts/enc/dvips/inconsolata/i4-t1-
0.enc}<c:/texlive/2016/texmf-dist/fonts/type1/public/inconsolata/Inconsolata-zi
4r.pfb><c:/texlive/2016/texmf-dist/fonts/type1/urw/helvetic/uhvr8a.pfb><c:/texl
ive/2016/texmf-dist/fonts/type1/urw/times/utmb8a.pfb><c:/texlive/2016/texmf-dis
t/fonts/type1/urw/times/utmr8a.pfb><c:/texlive/2016/texmf-dist/fonts/type1/urw/
times/utmr8a.pfb><c:/texlive/2016/texmf-dist/fonts/type1/urw/times/utmri8a.pfb>

Output written on Rd2.pdf (4 pages, 71932 bytes).
Transcript written on Rd2.log.
This is makeindex, version 2.15 [TeX Live 2016/W32TeX] (kpathsea + Thai support).
Scanning input file Rd2.idx....done (5 entries accepted, 0 rejected).
Sorting entries....done (14 comparisons).
Generating output file Rd2.ind....done (13 lines written, 0 warnings).
Output written in Rd2.ind.
Transcript written in Rd2.ilg.
This is pdfTeX, Version 3.14159265-2.6-1.40.17 (TeX Live 2016/W32TeX) (preloaded format=pdflatex)
 restricted \write18 enabled.
entering extended mode
(./Rd2.tex
LaTeX2e <2016/03/31> patch level 3
Babel <3.9r> and hyphenation patterns for 83 language(s) loaded.

(c:/texlive/2016/texmf-dist/tex/latex/base/book.cls
Document Class: book 2014/09/29 v1.4h Standard LaTeX document class
(c:/texlive/2016/texmf-dist/tex/latex/base/bk10.clo))
(c:/PROGRA~1/R/R-33~1.1/share/texmf/tex/latex/Rd.sty
(c:/texlive/2016/texmf-dist/tex/latex/base/ifthen.sty)
(c:/texlive/2016/texmf-dist/tex/latex/tools/longtable.sty)
(c:/texlive/2016/texmf-dist/tex/latex/tools/bm.sty)
(c:/texlive/2016/texmf-dist/tex/latex/base/alltt.sty)
(c:/texlive/2016/texmf-dist/tex/latex/tools/verbatim.sty)
(c:/texlive/2016/texmf-dist/tex/latex/url/url.sty)
(c:/texlive/2016/texmf-dist/tex/latex/base/textcomp.sty
(c:/texlive/2016/texmf-dist/tex/latex/base/ts1enc.def))
(c:/texlive/2016/texmf-dist/tex/latex/base/fontenc.sty
(c:/texlive/2016/texmf-dist/tex/latex/base/t1enc.def))
(c:/texlive/2016/texmf-dist/tex/latex/psnfss/times.sty)
(c:/texlive/2016/texmf-dist/tex/latex/inconsolata/zi4.sty
`inconsolata-zi4' v1.10, 2016/02/22 Text macros for Inconsolata (msharpe)
(c:/texlive/2016/texmf-dist/tex/latex/graphics/keyval.sty))
(c:/texlive/2016/texmf-dist/tex/latex/graphics/color.sty
(c:/texlive/2016/texmf-dist/tex/latex/graphics-cfg/color.cfg)
(c:/texlive/2016/texmf-dist/tex/latex/graphics-def/pdftex.def
(c:/texlive/2016/texmf-dist/tex/generic/oberdiek/infwarerr.sty)
(c:/texlive/2016/texmf-dist/tex/generic/oberdiek/ltxcmds.sty)))
(c:/texlive/2016/texmf-dist/tex/latex/hyperref/hyperref.sty
(c:/texlive/2016/texmf-dist/tex/generic/oberdiek/hobsub-hyperref.sty
(c:/texlive/2016/texmf-dist/tex/generic/oberdiek/hobsub-generic.sty))
(c:/texlive/2016/texmf-dist/tex/generic/ifxetex/ifxetex.sty)
(c:/texlive/2016/texmf-dist/tex/latex/oberdiek/auxhook.sty)
(c:/texlive/2016/texmf-dist/tex/latex/oberdiek/kvoptions.sty)
(c:/texlive/2016/texmf-dist/tex/latex/hyperref/pd1enc.def)
(c:/texlive/2016/texmf-dist/tex/latex/latexconfig/hyperref.cfg))

Package hyperref Message: Driver (autodetected): hpdftex.

(c:/texlive/2016/texmf-dist/tex/latex/hyperref/hpdftex.def
(c:/texlive/2016/texmf-dist/tex/latex/oberdiek/rerunfilecheck.sty))

Package hyperref Warning: Option `hyperindex' has already been used,
(hyperref)                setting the option has no effect on input line 366.


Package hyperref Warning: Option `pagebackref' has already been used,
(hyperref)                setting the option has no effect on input line 366.

) (c:/texlive/2016/texmf-dist/tex/latex/base/makeidx.sty)
(c:/texlive/2016/texmf-dist/tex/latex/base/inputenc.sty
(c:/texlive/2016/texmf-dist/tex/latex/base/utf8.def
(c:/texlive/2016/texmf-dist/tex/latex/base/t1enc.dfu)
(c:/texlive/2016/texmf-dist/tex/latex/base/ot1enc.dfu)
(c:/texlive/2016/texmf-dist/tex/latex/base/omsenc.dfu)
(c:/texlive/2016/texmf-dist/tex/latex/base/ts1enc.dfu)))
Writing index file Rd2.idx
(./Rd2.aux) (c:/texlive/2016/texmf-dist/tex/latex/base/ts1cmr.fd)
(c:/texlive/2016/texmf-dist/tex/latex/psnfss/t1ptm.fd)
(c:/texlive/2016/texmf-dist/tex/context/base/mkii/supp-pdf.mkii
[Loading MPS to PDF converter (version 2006.09.02).]
) (c:/texlive/2016/texmf-dist/tex/latex/hyperref/nameref.sty
(c:/texlive/2016/texmf-dist/tex/generic/oberdiek/gettitlestring.sty))
(./Rd2.out) (./Rd2.out) (c:/texlive/2016/texmf-dist/tex/latex/base/utf8.def)
(c:/texlive/2016/texmf-dist/tex/latex/inconsolata/t1zi4.fd)
(c:/texlive/2016/texmf-dist/tex/latex/psnfss/t1phv.fd) (./Rd2.toc)
(c:/texlive/2016/texmf-dist/tex/latex/base/utf8.def)
(c:/texlive/2016/texmf-dist/tex/latex/base/utf8.def) [1{c:/texlive/2016/texmf-v
ar/fonts/map/pdftex/updmap/pdftex.map}]
(c:/texlive/2016/texmf-dist/tex/latex/base/utf8.def)
(c:/texlive/2016/texmf-dist/tex/latex/inconsolata/ts1zi4.fd)
Overfull \hbox (90.78094pt too wide) in paragraph at lines 84--84
 []\T1/zi4/m/n/9 # use this vector as an input for standard_deviation function#
\TS1/zi4/m/n/9 ' \T1/zi4/m/n/9 standard_deviation(vector_NHL_player_salaries)[]
 
(c:/texlive/2016/texmf-dist/tex/latex/base/utf8.def) [2]
Overfull \hbox (54.78094pt too wide) in paragraph at lines 113--113
 []\T1/zi4/m/n/9 # use this vector as an input for standard_error function#\TS1
/zi4/m/n/9 ' \T1/zi4/m/n/9 standard_error(vector_NHL_player_salaries)[] 
(./Rd2.ind [3]

LaTeX Font Warning: Font shape `T1/zi4/m/it' undefined
(Font)              using `T1/zi4/m/n' instead on input line 10.

[4]) (./Rd2.aux)

LaTeX Font Warning: Some font shapes were not available, defaults substituted.

 )
(see the transcript file for additional information){c:/texlive/2016/texmf-dist
/fonts/enc/dvips/inconsolata/i4-ts1.enc}{c:/texlive/2016/texmf-dist/fonts/enc/d
vips/base/8r.enc}{c:/texlive/2016/texmf-dist/fonts/enc/dvips/inconsolata/i4-t1-
0.enc}<c:/texlive/2016/texmf-dist/fonts/type1/public/inconsolata/Inconsolata-zi
4r.pfb><c:/texlive/2016/texmf-dist/fonts/type1/urw/helvetic/uhvr8a.pfb><c:/texl
ive/2016/texmf-dist/fonts/type1/urw/times/utmb8a.pfb><c:/texlive/2016/texmf-dis
t/fonts/type1/urw/times/utmr8a.pfb><c:/texlive/2016/texmf-dist/fonts/type1/urw/
times/utmr8a.pfb><c:/texlive/2016/texmf-dist/fonts/type1/urw/times/utmri8a.pfb>

Output written on Rd2.pdf (4 pages, 73857 bytes).
Transcript written on Rd2.log.
Saving output to 'standardev-manual.pdf' ...
Done
You may want to clean up by 'rm -rf C:/Users/Peter/AppData/Local/Temp/RtmpUHG6jb/Rd2pdf48c5ad87024'
